Arguments: 
  /usr/bin/node /usr/bin/yarn add

PATH: 
  /home/aesir/bin:/home/aesir/go/bin:/usr/local/bin:/home/aesir/.gem/ruby/2.5.0/bin:/home/aesir/bin:/home/aesir/go/bin:/usr/local/bin:/home/aesir/.gem/ruby/2.5.0/bin:/usr/local/bin:/usr/bin:/bin:/usr/local/sbin:/opt/cuda/bin:/usr/lib/jvm/default/bin:/usr/bin/site_perl:/usr/bin/vendor_perl:/usr/bin/core_perl:/opt/cuda/bin:/usr/lib/jvm/default/bin:/usr/bin/site_perl:/usr/bin/vendor_perl:/usr/bin/core_perl

Yarn version: 
  1.10.1

Node version: 
  8.12.0

Platform: 
  linux x64

Trace: 
  SyntaxError: /home/aesir/go/src/github.com/yarbelk/cdda-manager/ui/package.json: Unexpected string in JSON at position 192
      at JSON.parse (<anonymous>)
      at /usr/lib/node_modules/yarn/lib/cli.js:1136:59
      at Generator.next (<anonymous>)
      at step (/usr/lib/node_modules/yarn/lib/cli.js:98:30)
      at /usr/lib/node_modules/yarn/lib/cli.js:109:13
      at <anonymous>

npm manifest: 
  {
    "name": "cdda-manager",
    "private": true,
    "version": "0.0.0",
    "scripts": {
      "start": "webpack-dev-server --progress"
    },
    "dependencies": {
      "@material/drawer": "^0.41.0"
      "@material/button": "^0.41.0",
      "@material/ripple": "^0.41.0",
      "@material/select": "^0.41.0",
      "@material/textfield": "^0.41.0"
    },
    "devDependencies": {
      "autoprefixer": "^8.2.0",
      "babel-core": "^6.22.1",
      "babel-loader": "^7.0.0",
      "babel-preset-env": "^1.7.0",
      "css-loader": "^0.28.0",
      "extract-loader": "^1.0.2",
      "file-loader": "^1.1.11",
      "node-sass": "^4.9.0",
      "postcss-loader": "^2.1.3",
      "sass-loader": "^6.0.4",
      "webpack": "^3.0.0",
      "webpack-dev-server": "^2.4.3"
    }
  }

yarn manifest: 
  No manifest

Lockfile: 
  No lockfile
